2023-11-27 [17:08:28.662] [Server thread/INFO]: Loading server configuration
2023-11-27 [17:08:28.680] [Server thread/INFO]: Selected English (eng) as the base language
2023-11-27 [17:08:28.683] [Server thread/INFO]: Starting Minecraft: Bedrock Edition server version v1.20.40
2023-11-27 [17:08:28.688] [Server thread/INFO]: Online mode is enabled. The server will verify that players are authenticated to Xbox Live.
2023-11-27 [17:08:28.712] [Server thread/INFO]: This server is running PocketMine-MP version 5.8.2
2023-11-27 [17:08:28.712] [Server thread/INFO]: PocketMine-MP is distributed under the LGPL License
2023-11-27 [17:08:30.313] [Server thread/INFO]: Loading resource packs...
2023-11-27 [17:08:30.883] [Server thread/INFO]: Preparing world "world"
2023-11-27 [17:08:31.019] [Server thread/NOTICE]: Spawn terrain for world "world" is being generated in the background
2023-11-27 [17:08:40.218] [Server thread/INFO]: Minecraft network interface running on 0.0.0.0:19132
2023-11-27 [17:08:40.221] [Server thread/INFO]: GS4 Query listener running on 0.0.0.0:19132
2023-11-27 [17:08:40.707] [Server thread/INFO]: Minecraft network interface running on [::]:19133
2023-11-27 [17:08:40.708] [Server thread/INFO]: GS4 Query listener running on [::]:19133
2023-11-27 [17:08:40.711] [Server thread/INFO]: Default game type: Survival Mode
2023-11-27 [17:08:40.711] [Server thread/INFO]: If you find this project useful, please consider donating to support development: https://patreon.com/pocketminemp
2023-11-27 [17:08:40.712] [Server thread/INFO]: Done (12.054s)! For help, type "help" or "?"
2023-11-27 [17:08:43.023] [Server thread/INFO]: [World: world] Generating spawn terrain: 1 / 224 (0%)
2023-11-27 [17:09:16.236] [Server thread/INFO]: [World: world] Generating spawn terrain: 23 / 224 (10%)
2023-11-27 [17:09:21.010] [Server thread/INFO]: [World: world] Generating spawn terrain: 45 / 224 (20%)
2023-11-27 [17:09:26.514] [Server thread/INFO]: [World: world] Generating spawn terrain: 68 / 224 (30%)
2023-11-27 [17:09:29.112] [Server thread/INFO]: [World: world] Generating spawn terrain: 90 / 224 (40%)
2023-11-27 [17:09:32.410] [Server thread/INFO]: [World: world] Generating spawn terrain: 112 / 224 (50%)
2023-11-27 [17:09:34.410] [Server thread/INFO]: [World: world] Generating spawn terrain: 135 / 224 (60%)
2023-11-27 [17:09:35.626] [Server thread/INFO]: [World: world] Generating spawn terrain: 157 / 224 (70%)
2023-11-27 [17:09:36.721] [Server thread/INFO]: [World: world] Generating spawn terrain: 180 / 224 (80%)
2023-11-27 [17:09:38.135] [Server thread/INFO]: [World: world] Generating spawn terrain: 202 / 224 (90%)
2023-11-27 [17:09:39.641] [Server thread/INFO]: [World: world] Generating spawn terrain: 224 / 224 (100%)
2023-11-27 [17:10:16.177] [Server thread/INFO]: Received signal interrupt, stopping the server
2023-11-27 [17:10:16.179] [Server thread/INFO]: Unloading world "world"
2023-11-27 [17:10:16.352] [Server thread/INFO]: Stopping other threads
2023-11-27 [17:10:19.883] [Server thread/INFO]: Loading server configuration
2023-11-27 [17:10:19.965] [Server thread/INFO]: Selected English (eng) as the base language
2023-11-27 [17:10:19.971] [Server thread/INFO]: Starting Minecraft: Bedrock Edition server version v1.20.40
2023-11-27 [17:10:19.976] [Server thread/INFO]: Online mode is enabled. The server will verify that players are authenticated to Xbox Live.
2023-11-27 [17:10:20.041] [Server thread/INFO]: This server is running PocketMine-MP version 5.8.2
2023-11-27 [17:10:20.042] [Server thread/INFO]: PocketMine-MP is distributed under the LGPL License
2023-11-27 [17:10:21.857] [Server thread/INFO]: Loading resource packs...
2023-11-27 [17:10:22.508] [Server thread/INFO]: Preparing world "world"
2023-11-27 [17:10:23.682] [Server thread/INFO]: Minecraft network interface running on 0.0.0.0:19132
2023-11-27 [17:10:23.683] [Server thread/INFO]: GS4 Query listener running on 0.0.0.0:19132
2023-11-27 [17:10:23.697] [Server thread/INFO]: Minecraft network interface running on [::]:19133
2023-11-27 [17:10:23.697] [Server thread/INFO]: GS4 Query listener running on [::]:19133
2023-11-27 [17:10:23.713] [Server thread/INFO]: Default game type: Survival Mode
2023-11-27 [17:10:23.713] [Server thread/INFO]: If you find this project useful, please consider donating to support development: https://patreon.com/pocketminemp
2023-11-27 [17:10:23.713] [Server thread/INFO]: Done (3.834s)! For help, type "help" or "?"
2023-11-27 [17:11:03.273] [Server thread/INFO]: [CONSOLE: Stopping the server]
2023-11-27 [17:11:03.323] [Server thread/INFO]: Unloading world "world"
2023-11-27 [17:11:03.343] [Server thread/INFO]: Stopping other threads
2023-11-27 [17:12:04.944] [Server thread/INFO]: Loading server configuration
2023-11-27 [17:12:05.024] [Server thread/INFO]: Selected English (eng) as the base language
2023-11-27 [17:12:05.040] [Server thread/INFO]: Starting Minecraft: Bedrock Edition server version v1.20.40
2023-11-27 [17:12:05.045] [Server thread/INFO]: Online mode is enabled. The server will verify that players are authenticated to Xbox Live.
2023-11-27 [17:12:05.067] [Server thread/INFO]: This server is running PocketMine-MP version 5.8.2
2023-11-27 [17:12:05.067] [Server thread/INFO]: PocketMine-MP is distributed under the LGPL License
2023-11-27 [17:12:06.320] [Server thread/INFO]: Loading resource packs...
2023-11-27 [17:12:06.850] [Server thread/INFO]: Preparing world "World"
2023-11-27 [17:12:06.939] [Server thread/NOTICE]: Spawn terrain for world "World" is being generated in the background
2023-11-27 [17:12:14.831] [Server thread/INFO]: Minecraft network interface running on 0.0.0.0:19132
2023-11-27 [17:12:14.907] [Server thread/INFO]: GS4 Query listener running on 0.0.0.0:19132
2023-11-27 [17:12:15.128] [Server thread/INFO]: Minecraft network interface running on [::]:19133
2023-11-27 [17:12:15.129] [Server thread/INFO]: GS4 Query listener running on [::]:19133
2023-11-27 [17:12:15.130] [Server thread/INFO]: Default game type: Survival Mode
2023-11-27 [17:12:15.207] [Server thread/INFO]: If you find this project useful, please consider donating to support development: https://patreon.com/pocketminemp
2023-11-27 [17:12:15.209] [Server thread/INFO]: Done (10.272s)! For help, type "help" or "?"
2023-11-27 [17:12:19.612] [Server thread/INFO]: [World: World] Generating spawn terrain: 1 / 224 (0%)
2023-11-27 [17:12:51.115] [Server thread/INFO]: [World: World] Generating spawn terrain: 23 / 224 (10%)
2023-11-27 [17:12:58.310] [Server thread/INFO]: [World: World] Generating spawn terrain: 45 / 224 (20%)
2023-11-27 [17:13:02.711] [Server thread/INFO]: [World: World] Generating spawn terrain: 68 / 224 (30%)
2023-11-27 [17:13:06.209] [Server thread/INFO]: [World: World] Generating spawn terrain: 90 / 224 (40%)
2023-11-27 [17:13:08.517] [Server thread/INFO]: [World: World] Generating spawn terrain: 112 / 224 (50%)
2023-11-27 [17:13:10.507] [Server thread/INFO]: [World: World] Generating spawn terrain: 135 / 224 (60%)
2023-11-27 [17:13:12.023] [Server thread/INFO]: [World: World] Generating spawn terrain: 157 / 224 (70%)
2023-11-27 [17:13:13.428] [Server thread/INFO]: [World: World] Generating spawn terrain: 180 / 224 (80%)
2023-11-27 [17:13:15.707] [Server thread/INFO]: [World: World] Generating spawn terrain: 202 / 224 (90%)
2023-11-27 [17:13:16.772] [Server thread/INFO]: [World: World] Generating spawn terrain: 224 / 224 (100%)
2023-11-27 [17:14:09.214] [Server thread/INFO]: Unloading world "World"
2023-11-27 [17:28:09.645] [Server thread/INFO]: Loading server configuration
2023-11-27 [17:28:09.736] [Server thread/INFO]: Selected English (eng) as the base language
2023-11-27 [17:28:09.747] [Server thread/INFO]: Starting Minecraft: Bedrock Edition server version v1.20.40
2023-11-27 [17:28:09.758] [Server thread/INFO]: Online mode is enabled. The server will verify that players are authenticated to Xbox Live.
2023-11-27 [17:28:09.804] [Server thread/INFO]: This server is running PocketMine-MP version 5.8.2
2023-11-27 [17:28:09.829] [Server thread/INFO]: PocketMine-MP is distributed under the LGPL License
2023-11-27 [17:28:11.556] [Server thread/INFO]: Loading resource packs...
2023-11-27 [17:28:11.658] [Server thread/CRITICAL]: Could not load plugin '/home/runner/BedrockServer/plugins/PiggyAuth.phar': Invalid plugin manifest: Invalid Plugin "permissions": Nested permission declarations are no longer supported. Declare each permission separately.
2023-11-27 [17:28:11.658] [Server thread/INFO]: Loading EasyEdit v3.0.1
2023-11-27 [17:28:11.667] [Server thread/EMERGENCY]: Failed to load some plugins, stopping server to protect server integrity
2023-11-27 [17:28:11.668] [Server thread/EMERGENCY]: Forcing server shutdown
2023-11-27 [18:02:39.760] [Server thread/INFO]: Loading server configuration
2023-11-27 [18:02:39.848] [Server thread/INFO]: Selected English (eng) as the base language
2023-11-27 [18:02:39.853] [Server thread/INFO]: Starting Minecraft: Bedrock Edition server version v1.20.40
2023-11-27 [18:02:39.859] [Server thread/INFO]: Online mode is enabled. The server will verify that players are authenticated to Xbox Live.
2023-11-27 [18:02:39.945] [Server thread/INFO]: This server is running PocketMine-MP version 5.8.2
2023-11-27 [18:02:39.945] [Server thread/INFO]: PocketMine-MP is distributed under the LGPL License
2023-11-27 [18:02:41.491] [Server thread/INFO]: Loading resource packs...
2023-11-27 [18:02:41.542] [Server thread/CRITICAL]: Could not load plugin '/home/runner/BedrockServer/plugins/ThatOttomanAuth.phar': internal corruption of phar "/home/runner/BedrockServer/plugins/ThatOttomanAuth.phar" (__HALT_COMPILER(); not found)
2023-11-27 [18:02:41.543] [Server thread/CRITICAL]: UnexpectedValueException: "internal corruption of phar "/home/runner/BedrockServer/plugins/ThatOttomanAuth.phar" (__HALT_COMPILER(); not found)" (EXCEPTION) in "pmsrc/src/plugin/PharPluginLoader" at line 56
--- Stack trace ---
  #0 pmsrc/src/plugin/PharPluginLoader(56): Phar->__construct(string[55] /home/runner/BedrockServer/plugins/ThatOttomanAuth.phar)
  #1 pmsrc/src/plugin/PluginManager(256): pocketmine\plugin\PharPluginLoader->getPluginDescription(string[55] /home/runner/BedrockServer/plugins/ThatOttomanAuth.phar)
  #2 pmsrc/src/plugin/PluginManager(353): pocketmine\plugin\PluginManager->triagePlugins(string[35] /home/runner/BedrockServer/plugins/, object pocketmine\plugin\PluginLoadTriage#44772, int 0)
  #3 pmsrc/src/Server(1017): pocketmine\plugin\PluginManager->loadPlugins(string[35] /home/runner/BedrockServer/plugins/, int 0)
  #4 pmsrc/src/PocketMine(341): pocketmine\Server->__construct(object pocketmine\thread\ThreadSafeClassLoader#3, object pocketmine\utils\MainLogger#6, string[27] /home/runner/BedrockServer/, string[35] /home/runner/BedrockServer/plugins/)
  #5 pmsrc/src/PocketMine(364): pocketmine\server()
  #6 pmsrc(11): require(string[71] phar:///home/runner/BedrockServer/PocketMine-MP.phar/src/PocketMine.php)
--- End of exception information ---
2023-11-27 [18:02:41.544] [Server thread/EMERGENCY]: Failed to load some plugins, stopping server to protect server integrity
2023-11-27 [18:02:41.544] [Server thread/EMERGENCY]: Forcing server shutdown
2023-11-27 [18:03:24.491] [Server thread/INFO]: Loading server configuration
2023-11-27 [18:03:24.574] [Server thread/INFO]: Selected English (eng) as the base language
2023-11-27 [18:03:24.580] [Server thread/INFO]: Starting Minecraft: Bedrock Edition server version v1.20.40
2023-11-27 [18:03:24.630] [Server thread/INFO]: Online mode is enabled. The server will verify that players are authenticated to Xbox Live.
2023-11-27 [18:03:24.664] [Server thread/INFO]: This server is running PocketMine-MP version 5.8.2
2023-11-27 [18:03:24.664] [Server thread/INFO]: PocketMine-MP is distributed under the LGPL License
2023-11-27 [18:03:26.487] [Server thread/INFO]: Loading resource packs...
2023-11-27 [18:03:27.184] [Server thread/INFO]: Preparing world "World"
2023-11-27 [18:03:28.257] [Server thread/INFO]: Minecraft network interface running on 0.0.0.0:19132
2023-11-27 [18:03:28.257] [Server thread/INFO]: GS4 Query listener running on 0.0.0.0:19132
2023-11-27 [18:03:28.290] [Server thread/INFO]: Minecraft network interface running on [::]:19133
2023-11-27 [18:03:28.290] [Server thread/INFO]: GS4 Query listener running on [::]:19133
2023-11-27 [18:03:28.292] [Server thread/INFO]: Default game type: Survival Mode
2023-11-27 [18:03:28.292] [Server thread/INFO]: If you find this project useful, please consider donating to support development: https://patreon.com/pocketminemp
2023-11-27 [18:03:28.292] [Server thread/INFO]: Done (3.806s)! For help, type "help" or "?"
2023-11-27 [18:03:41.257] [Server thread/INFO]: [CONSOLE: Stopping the server]
2023-11-27 [18:03:41.309] [Server thread/INFO]: Unloading world "World"
2023-11-27 [18:03:41.338] [Server thread/INFO]: Stopping other threads
2023-11-27 [18:03:45.001] [Server thread/INFO]: Loading server configuration
2023-11-27 [18:03:45.083] [Server thread/INFO]: Selected English (eng) as the base language
2023-11-27 [18:03:45.091] [Server thread/INFO]: Starting Minecraft: Bedrock Edition server version v1.20.40
2023-11-27 [18:03:45.096] [Server thread/INFO]: Online mode is enabled. The server will verify that players are authenticated to Xbox Live.
2023-11-27 [18:03:45.176] [Server thread/INFO]: This server is running PocketMine-MP version 5.8.2
2023-11-27 [18:03:45.176] [Server thread/INFO]: PocketMine-MP is distributed under the LGPL License
2023-11-27 [18:03:47.061] [Server thread/INFO]: Loading resource packs...
2023-11-27 [18:03:47.653] [Server thread/INFO]: Preparing world "World"
2023-11-27 [18:03:48.766] [Server thread/INFO]: Minecraft network interface running on 0.0.0.0:19132
2023-11-27 [18:03:48.766] [Server thread/INFO]: GS4 Query listener running on 0.0.0.0:19132
2023-11-27 [18:03:48.838] [Server thread/INFO]: Minecraft network interface running on [::]:19133
2023-11-27 [18:03:48.838] [Server thread/INFO]: GS4 Query listener running on [::]:19133
2023-11-27 [18:03:48.839] [Server thread/INFO]: Default game type: Survival Mode
2023-11-27 [18:03:48.839] [Server thread/INFO]: If you find this project useful, please consider donating to support development: https://patreon.com/pocketminemp
2023-11-27 [18:03:48.840] [Server thread/INFO]: Done (3.843s)! For help, type "help" or "?"
2023-11-27 [18:05:26.869] [Server thread/INFO]: [CONSOLE: Opped ThatOttoman]
2023-11-27 [18:05:46.052] [Server thread/INFO]: [CONSOLE: Set game difficulty to 2]
2023-11-27 [18:05:56.602] [Server thread/INFO]: [CONSOLE: Set game difficulty to 2]
2023-11-27 [18:15:53.100] [Server thread/INFO]: [CONSOLE: Stopping the server]
2023-11-27 [18:15:53.153] [Server thread/INFO]: Unloading world "World"
2023-11-27 [18:15:53.167] [Server thread/INFO]: Stopping other threads
2023-11-27 [18:20:41.326] [Server thread/INFO]: Loading server configuration
2023-11-27 [18:20:41.952] [Server thread/INFO]: Selected English (eng) as the base language
2023-11-27 [18:20:42.057] [Server thread/INFO]: Starting Minecraft: Bedrock Edition server version v1.20.40
2023-11-27 [18:20:42.075] [Server thread/INFO]: Online mode is enabled. The server will verify that players are authenticated to Xbox Live.
2023-11-27 [18:20:42.232] [Server thread/INFO]: This server is running PocketMine-MP version 5.8.2
2023-11-27 [18:20:42.232] [Server thread/INFO]: PocketMine-MP is distributed under the LGPL License
2023-11-27 [18:20:51.862] [Server thread/INFO]: Loading resource packs...
2023-11-27 [18:20:55.448] [Server thread/INFO]: Preparing world "World"
2023-11-27 [18:21:04.550] [Server thread/INFO]: Minecraft network interface running on 0.0.0.0:19132
2023-11-27 [18:21:04.553] [Server thread/INFO]: GS4 Query listener running on 0.0.0.0:19132
2023-11-27 [18:21:04.580] [Server thread/INFO]: Minecraft network interface running on [::]:19133
2023-11-27 [18:21:04.583] [Server thread/INFO]: GS4 Query listener running on [::]:19133
2023-11-27 [18:21:04.588] [Server thread/INFO]: Default game type: Survival Mode
2023-11-27 [18:21:04.590] [Server thread/INFO]: If you find this project useful, please consider donating to support development: https://patreon.com/pocketminemp
2023-11-27 [18:21:04.593] [Server thread/INFO]: Done (23.316s)! For help, type "help" or "?"
2023-11-27 [18:21:06.323] [Server thread/INFO]: [CONSOLE: Stopping the server]
2023-11-27 [18:21:06.324] [Server thread/INFO]: [CONSOLE: Stopping the server]
2023-11-27 [18:21:06.346] [Server thread/INFO]: Unloading world "World"
2023-11-27 [18:21:07.057] [Server thread/INFO]: Stopping other threads
2023-11-27 [18:22:46.264] [Server thread/INFO]: Loading server configuration
2023-11-27 [18:22:46.614] [Server thread/INFO]: Selected English (eng) as the base language
2023-11-27 [18:22:46.650] [Server thread/INFO]: Starting Minecraft: Bedrock Edition server version v1.20.40
2023-11-27 [18:22:46.685] [Server thread/INFO]: Online mode is enabled. The server will verify that players are authenticated to Xbox Live.
2023-11-27 [18:22:46.969] [Server thread/INFO]: This server is running PocketMine-MP version 5.8.2
2023-11-27 [18:22:46.971] [Server thread/INFO]: PocketMine-MP is distributed under the LGPL License
2023-11-27 [18:22:52.753] [Server thread/INFO]: Loading resource packs...
2023-11-27 [18:22:53.851] [Server thread/INFO]: Preparing world "World"
2023-11-27 [18:22:56.056] [Server thread/INFO]: Minecraft network interface running on 0.0.0.0:19132
2023-11-27 [18:22:56.059] [Server thread/INFO]: GS4 Query listener running on 0.0.0.0:19132
2023-11-27 [18:22:56.117] [Server thread/INFO]: Minecraft network interface running on [::]:19133
2023-11-27 [18:22:56.128] [Server thread/INFO]: GS4 Query listener running on [::]:19133
2023-11-27 [18:22:56.137] [Server thread/INFO]: Default game type: Survival Mode
2023-11-27 [18:22:56.145] [Server thread/INFO]: If you find this project useful, please consider donating to support development: https://patreon.com/pocketminemp
2023-11-27 [18:22:56.161] [Server thread/INFO]: Done (9.969s)! For help, type "help" or "?"
2023-11-27 [18:27:21.324] [Server thread/INFO]: [CONSOLE: Stopping the server]
2023-11-27 [18:27:21.375] [Server thread/INFO]: Unloading world "World"
2023-11-27 [18:27:21.420] [Server thread/INFO]: Stopping other threads
